<?xml version="1.0" encoding="UTF-8"?>
<!-- Generated by org.testng.reporters.JUnitReportReporter -->
<testsuite skipped="0" hostname="DESKTOP-RV1GS0D" name="firstTest" tests="1" failures="0" timestamp="06 Aug 2018 16:18:44 GMT" time="0.009" errors="0">
  <testcase name="f" time="0.009" classname="firstTest"/>
</testsuite> <!-- firstTest -->
